Determining if the pthread_create exist failed with the following output:
Change Dir: /home/foo0903/Pegasus/catkin_ws/build/CMakeFiles/CMakeTmp

Run Build Command:"/usr/bin/make" "cmTC_a7cbf/fast"
/usr/bin/make -f CMakeFiles/cmTC_a7cbf.dir/build.make CMakeFiles/cmTC_a7cbf.dir/build
make[1]: Entering directory '/home/foo0903/Pegasus/catkin_ws/build/CMakeFiles/CMakeTmp'
Building C object CMakeFiles/cmTC_a7cbf.dir/CheckSymbolExists.c.o
/usr/bin/cc    -o CMakeFiles/cmTC_a7cbf.dir/CheckSymbolExists.c.o   -c /home/foo0903/Pegasus/catkin_ws/build/CMakeFiles/CMakeTmp/CheckSymbolExists.c
Linking C executable cmTC_a7cbf
/usr/bin/cmake -E cmake_link_script CMakeFiles/cmTC_a7cbf.dir/link.txt --verbose=1
/usr/bin/cc      -rdynamic CMakeFiles/cmTC_a7cbf.dir/CheckSymbolExists.c.o  -o cmTC_a7cbf 
CMakeFiles/cmTC_a7cbf.dir/CheckSymbolExists.c.o: In function `main':
CheckSymbolExists.c:(.text+0x1b): undefined reference to `pthread_create'
collect2: error: ld returned 1 exit status
CMakeFiles/cmTC_a7cbf.dir/build.make:97: recipe for target 'cmTC_a7cbf' failed
make[1]: *** [cmTC_a7cbf] Error 1
make[1]: Leaving directory '/home/foo0903/Pegasus/catkin_ws/build/CMakeFiles/CMakeTmp'
Makefile:126: recipe for target 'cmTC_a7cbf/fast' failed
make: *** [cmTC_a7cbf/fast] Error 2

File /home/foo0903/Pegasus/catkin_ws/build/CMakeFiles/CMakeTmp/CheckSymbolExists.c:
/* */
#include <pthread.h>

int main(int argc, char** argv)
{
  (void)argv;
#ifndef pthread_create
  return ((int*)(&pthread_create))[argc];
#else
  (void)argc;
  return 0;
#endif
}

Determining if the function pthread_create exists in the pthreads failed with the following output:
Change Dir: /home/foo0903/Pegasus/catkin_ws/build/CMakeFiles/CMakeTmp

Run Build Command:"/usr/bin/make" "cmTC_65eaf/fast"
/usr/bin/make -f CMakeFiles/cmTC_65eaf.dir/build.make CMakeFiles/cmTC_65eaf.dir/build
make[1]: Entering directory '/home/foo0903/Pegasus/catkin_ws/build/CMakeFiles/CMakeTmp'
Building C object CMakeFiles/cmTC_65eaf.dir/CheckFunctionExists.c.o
/usr/bin/cc   -DCHECK_FUNCTION_EXISTS=pthread_create   -o CMakeFiles/cmTC_65eaf.dir/CheckFunctionExists.c.o   -c /usr/share/cmake-3.10/Modules/CheckFunctionExists.c
Linking C executable cmTC_65eaf
/usr/bin/cmake -E cmake_link_script CMakeFiles/cmTC_65eaf.dir/link.txt --verbose=1
/usr/bin/cc  -DCHECK_FUNCTION_EXISTS=pthread_create    -rdynamic CMakeFiles/cmTC_65eaf.dir/CheckFunctionExists.c.o  -o cmTC_65eaf -lpthreads 
/usr/bin/ld: cannot find -lpthreads
collect2: error: ld returned 1 exit status
CMakeFiles/cmTC_65eaf.dir/build.make:97: recipe for target 'cmTC_65eaf' failed
make[1]: *** [cmTC_65eaf] Error 1
make[1]: Leaving directory '/home/foo0903/Pegasus/catkin_ws/build/CMakeFiles/CMakeTmp'
Makefile:126: recipe for target 'cmTC_65eaf/fast' failed
make: *** [cmTC_65eaf/fast] Error 2


